<?xml version="1.0" encoding="UTF-8"?>
<!-- Generated by org.testng.reporters.JUnitXMLReporter -->
<testsuite hostname="Christians-MBP" ignored="0" name="RestAssured Test" tests="5" failures="0" timestamp="22 Dec 2018 18:37:34 GMT" time="4.024" errors="0">
  <testcase name="readTweets1" time="2.064" classname="com.letskodeit.statuses.UserTimeLineTest"/>
  <testcase name="readTweets2" time="0.357" classname="com.letskodeit.statuses.UserTimeLineTest"/>
  <testcase name="postTweet" time="0.314" classname="com.letskodeit.statuses.TwitterWorkFlowTest"/>
  <testcase name="readTweet" time="0.263" classname="com.letskodeit.statuses.TwitterWorkFlowTest"/>
  <testcase name="deleteTweet" time="0.25" classname="com.letskodeit.statuses.TwitterWorkFlowTest"/>
</testsuite> <!-- RestAssured Test -->
