<?xml version="1.0" encoding="UTF-8"?>
<testng-results skipped="0" failed="0" ignored="0" total="5" passed="5">
  <reporter-output>
  </reporter-output>
  <suite name="Regression Suite" duration-ms="4024" started-at="2018-12-22T18:37:30Z" finished-at="2018-12-22T18:37:34Z">
    <groups>
    </groups>
    <test name="RestAssured Test" duration-ms="4024" started-at="2018-12-22T18:37:30Z" finished-at="2018-12-22T18:37:34Z">
      <class name="com.letskodeit.statuses.TwitterWorkFlowTest">
        <test-method status="PASS" signature="setup()[pri:0, instance:com.letskodeit.statuses.TwitterWorkFlowTest@4501b7af]" name="setup" is-config="true" duration-ms="1" started-at="2018-12-22T13:37:33Z" finished-at="2018-12-22T13:37:33Z">
          <reporter-output>
          </reporter-output>
        </test-method> <!-- setup -->
        <test-method status="PASS" signature="postTweet()[pri:0, instance:com.letskodeit.statuses.TwitterWorkFlowTest@4501b7af]" name="postTweet" duration-ms="314" started-at="2018-12-22T13:37:33Z" finished-at="2018-12-22T13:37:34Z">
          <reporter-output>
          </reporter-output>
        </test-method> <!-- postTweet -->
        <test-method status="PASS" signature="readTweet()[pri:0, instance:com.letskodeit.statuses.TwitterWorkFlowTest@4501b7af]" name="readTweet" duration-ms="263" started-at="2018-12-22T13:37:34Z" depends-on-methods="com.letskodeit.statuses.TwitterWorkFlowTest.postTweet" finished-at="2018-12-22T13:37:34Z">
          <reporter-output>
          </reporter-output>
        </test-method> <!-- readTweet -->
        <test-method status="PASS" signature="deleteTweet()[pri:0, instance:com.letskodeit.statuses.TwitterWorkFlowTest@4501b7af]" name="deleteTweet" duration-ms="250" started-at="2018-12-22T13:37:34Z" depends-on-methods="com.letskodeit.statuses.TwitterWorkFlowTest.readTweet" finished-at="2018-12-22T13:37:34Z">
          <reporter-output>
          </reporter-output>
        </test-method> <!-- deleteTweet -->
      </class> <!-- com.letskodeit.statuses.TwitterWorkFlowTest -->
      <class name="com.letskodeit.statuses.UserTimeLineTest">
        <test-method status="PASS" signature="setup()[pri:0, instance:com.letskodeit.statuses.UserTimeLineTest@28d25987]" name="setup" is-config="true" duration-ms="743" started-at="2018-12-22T13:37:30Z" finished-at="2018-12-22T13:37:31Z">
          <reporter-output>
          </reporter-output>
        </test-method> <!-- setup -->
        <test-method status="PASS" signature="readTweets1()[pri:0, instance:com.letskodeit.statuses.UserTimeLineTest@28d25987]" name="readTweets1" duration-ms="2064" started-at="2018-12-22T13:37:31Z" finished-at="2018-12-22T13:37:33Z">
          <reporter-output>
          </reporter-output>
        </test-method> <!-- readTweets1 -->
        <test-method status="PASS" signature="readTweets2()[pri:0, instance:com.letskodeit.statuses.UserTimeLineTest@28d25987]" name="readTweets2" duration-ms="357" started-at="2018-12-22T13:37:33Z" finished-at="2018-12-22T13:37:33Z">
          <reporter-output>
          </reporter-output>
        </test-method> <!-- readTweets2 -->
      </class> <!-- com.letskodeit.statuses.UserTimeLineTest -->
    </test> <!-- RestAssured Test -->
  </suite> <!-- Regression Suite -->
</testng-results>
