<?xml version="1.0" encoding="UTF-8"?>
<!-- Generated by org.testng.reporters.JUnitXMLReporter -->
<testsuite hostname="Christians-MBP" ignored="0" name="Default test" tests="3" failures="0" timestamp="22 Dec 2018 18:12:21 GMT" time="4.366" errors="0">
  <testcase name="postTweet" time="2.46" classname="com.letskodeit.statuses.TwitterWorkflowTest"/>
  <testcase name="readTweet" time="0.395" classname="com.letskodeit.statuses.TwitterWorkflowTest"/>
  <testcase name="deleteTweet" time="0.301" classname="com.letskodeit.statuses.TwitterWorkflowTest"/>
</testsuite> <!-- Default test -->
